2011-08-21 15:31:59,228 - Velocimacro : error using  VM library template VM_global_library.vm : org.apache.velocity.exception.ResourceNotFoundException: Unable to find resource 'VM_global_library.vm'
2011-08-21 15:31:59,229 - Velocimacro :  VM library template macro registration complete.
2011-08-21 15:31:59,229 - Velocimacro : allowInline = true : VMs can be defined inline in templates
2011-08-21 15:31:59,229 - Velocimacro : allowInlineToOverride = false : VMs defined inline may NOT replace previous VM definitions
2011-08-21 15:31:59,229 - Velocimacro : allowInlineLocal = false : VMs defined inline will be  global in scope if allowed.
2011-08-21 15:31:59,229 - Velocimacro : messages on  : VM system will output logging messages
2011-08-21 15:31:59,229 - Velocimacro : autoload off  : VM system will not automatically reload global library macros
2011-08-21 15:31:59,229 - Velocimacro : initialization complete.
2011-08-21 15:31:59,229 - Velocity successfully started.
2011-08-21 15:36:39,302 - SimpleLog4JLogSystem initialized using logfile 'velocity.log'
2011-08-21 15:36:39,303 - ************************************************************** 
2011-08-21 15:36:39,303 - Starting Jakarta Velocity v1.4
2011-08-21 15:36:39,303 - RuntimeInstance initializing.
2011-08-21 15:36:39,303 - Default Properties File: org\apache\velocity\runtime\defaults\velocity.properties
2011-08-21 15:36:39,303 - Trying to use logger class org.apache.velocity.runtime.log.SimpleLog4JLogSystem
2011-08-21 15:36:39,303 - Using logger class org.apache.velocity.runtime.log.SimpleLog4JLogSystem
2011-08-21 15:36:39,313 - Default ResourceManager initializing. (class org.apache.velocity.runtime.resource.ResourceManagerImpl)
2011-08-21 15:36:39,326 - Resource Loader Instantiated: org.apache.velocity.runtime.resource.loader.ClasspathResourceLoader
2011-08-21 15:36:39,326 - ClasspathResourceLoader : initialization starting.
2011-08-21 15:36:39,326 - ClasspathResourceLoader : initialization complete.
2011-08-21 15:36:39,332 - ResourceCache : initialized. (class org.apache.velocity.runtime.resource.ResourceCacheImpl)
2011-08-21 15:36:39,332 - Default ResourceManager initialization complete.
2011-08-21 15:36:39,338 - Loaded System Directive: org.apache.velocity.runtime.directive.Literal
2011-08-21 15:36:39,344 - Loaded System Directive: org.apache.velocity.runtime.directive.Macro
2011-08-21 15:36:39,356 - Loaded System Directive: org.apache.velocity.runtime.directive.Parse
2011-08-21 15:36:39,362 - Loaded System Directive: org.apache.velocity.runtime.directive.Include
2011-08-21 15:36:39,366 - Loaded System Directive: org.apache.velocity.runtime.directive.Foreach
2011-08-21 15:36:39,448 - Created: 20 parsers.
2011-08-21 15:36:39,478 - Velocimacro : initialization starting.
2011-08-21 15:36:39,478 - Velocimacro : adding VMs from VM library template : VM_global_library.vm
2011-08-21 15:36:39,491 - ResourceManager : unable to find resource 'VM_global_library.vm' in any resource loader.
2011-08-21 15:36:39,491 - Velocimacro : error using  VM library template VM_global_library.vm : org.apache.velocity.exception.ResourceNotFoundException: Unable to find resource 'VM_global_library.vm'
2011-08-21 15:36:39,491 - Velocimacro :  VM library template macro registration complete.
2011-08-21 15:36:39,491 - Velocimacro : allowInline = true : VMs can be defined inline in templates
2011-08-21 15:36:39,491 - Velocimacro : allowInlineToOverride = false : VMs defined inline may NOT replace previous VM definitions
2011-08-21 15:36:39,492 - Velocimacro : allowInlineLocal = false : VMs defined inline will be  global in scope if allowed.
2011-08-21 15:36:39,492 - Velocimacro : messages on  : VM system will output logging messages
2011-08-21 15:36:39,492 - Velocimacro : autoload off  : VM system will not automatically reload global library macros
2011-08-21 15:36:39,492 - Velocimacro : initialization complete.
2011-08-21 15:36:39,492 - Velocity successfully started.
2011-08-21 16:37:30,998 - SimpleLog4JLogSystem initialized using logfile 'velocity.log'
2011-08-21 16:37:30,998 - ************************************************************** 
2011-08-21 16:37:30,999 - Starting Jakarta Velocity v1.4
2011-08-21 16:37:30,999 - RuntimeInstance initializing.
2011-08-21 16:37:30,999 - Default Properties File: org\apache\velocity\runtime\defaults\velocity.properties
2011-08-21 16:37:30,999 - Trying to use logger class org.apache.velocity.runtime.log.SimpleLog4JLogSystem
2011-08-21 16:37:30,999 - Using logger class org.apache.velocity.runtime.log.SimpleLog4JLogSystem
2011-08-21 16:37:31,008 - Default ResourceManager initializing. (class org.apache.velocity.runtime.resource.ResourceManagerImpl)
2011-08-21 16:37:31,020 - Resource Loader Instantiated: org.apache.velocity.runtime.resource.loader.ClasspathResourceLoader
2011-08-21 16:37:31,021 - ClasspathResourceLoader : initialization starting.
2011-08-21 16:37:31,021 - ClasspathResourceLoader : initialization complete.
2011-08-21 16:37:31,027 - ResourceCache : initialized. (class org.apache.velocity.runtime.resource.ResourceCacheImpl)
2011-08-21 16:37:31,027 - Default ResourceManager initialization complete.
2011-08-21 16:37:31,033 - Loaded System Directive: org.apache.velocity.runtime.directive.Literal
2011-08-21 16:37:31,039 - Loaded System Directive: org.apache.velocity.runtime.directive.Macro
2011-08-21 16:37:31,051 - Loaded System Directive: org.apache.velocity.runtime.directive.Parse
2011-08-21 16:37:31,057 - Loaded System Directive: org.apache.velocity.runtime.directive.Include
2011-08-21 16:37:31,060 - Loaded System Directive: org.apache.velocity.runtime.directive.Foreach
2011-08-21 16:37:31,139 - Created: 20 parsers.
2011-08-21 16:37:31,170 - Velocimacro : initialization starting.
2011-08-21 16:37:31,171 - Velocimacro : adding VMs from VM library template : VM_global_library.vm
2011-08-21 16:37:31,185 - ResourceManager : unable to find resource 'VM_global_library.vm' in any resource loader.
2011-08-21 16:37:31,185 - Velocimacro : error using  VM library template VM_global_library.vm : org.apache.velocity.exception.ResourceNotFoundException: Unable to find resource 'VM_global_library.vm'
2011-08-21 16:37:31,185 - Velocimacro :  VM library template macro registration complete.
2011-08-21 16:37:31,185 - Velocimacro : allowInline = true : VMs can be defined inline in templates
2011-08-21 16:37:31,185 - Velocimacro : allowInlineToOverride = false : VMs defined inline may NOT replace previous VM definitions
2011-08-21 16:37:31,185 - Velocimacro : allowInlineLocal = false : VMs defined inline will be  global in scope if allowed.
2011-08-21 16:37:31,185 - Velocimacro : messages on  : VM system will output logging messages
2011-08-21 16:37:31,185 - Velocimacro : autoload off  : VM system will not automatically reload global library macros
2011-08-21 16:37:31,185 - Velocimacro : initialization complete.
2011-08-21 16:37:31,185 - Velocity successfully started.
2011-08-21 19:21:56,760 - SimpleLog4JLogSystem initialized using logfile 'velocity.log'
2011-08-21 19:21:56,789 - ************************************************************** 
2011-08-21 19:21:56,789 - Starting Jakarta Velocity v1.4
2011-08-21 19:21:56,790 - RuntimeInstance initializing.
2011-08-21 19:21:56,790 - Default Properties File: org\apache\velocity\runtime\defaults\velocity.properties
2011-08-21 19:21:56,790 - Trying to use logger class org.apache.velocity.runtime.log.SimpleLog4JLogSystem
2011-08-21 19:21:56,790 - Using logger class org.apache.velocity.runtime.log.SimpleLog4JLogSystem
2011-08-21 19:21:56,805 - Default ResourceManager initializing. (class org.apache.velocity.runtime.resource.ResourceManagerImpl)
2011-08-21 19:21:56,822 - Resource Loader Instantiated: org.apache.velocity.runtime.resource.loader.ClasspathResourceLoader
2011-08-21 19:21:56,823 - ClasspathResourceLoader : initialization starting.
2011-08-21 19:21:56,823 - ClasspathResourceLoader : initialization complete.
2011-08-21 19:21:56,834 - ResourceCache : initialized. (class org.apache.velocity.runtime.resource.ResourceCacheImpl)
2011-08-21 19:21:56,834 - Default ResourceManager initialization complete.
2011-08-21 19:21:56,842 - Loaded System Directive: org.apache.velocity.runtime.directive.Literal
2011-08-21 19:21:56,849 - Loaded System Directive: org.apache.velocity.runtime.directive.Macro
2011-08-21 19:21:56,862 - Loaded System Directive: org.apache.velocity.runtime.directive.Parse
2011-08-21 19:21:56,870 - Loaded System Directive: org.apache.velocity.runtime.directive.Include
2011-08-21 19:21:56,874 - Loaded System Directive: org.apache.velocity.runtime.directive.Foreach
2011-08-21 19:21:56,974 - Created: 20 parsers.
2011-08-21 19:21:57,016 - Velocimacro : initialization starting.
2011-08-21 19:21:57,016 - Velocimacro : adding VMs from VM library template : VM_global_library.vm
2011-08-21 19:21:57,033 - ResourceManager : unable to find resource 'VM_global_library.vm' in any resource loader.
2011-08-21 19:21:57,034 - Velocimacro : error using  VM library template VM_global_library.vm : org.apache.velocity.exception.ResourceNotFoundException: Unable to find resource 'VM_global_library.vm'
2011-08-21 19:21:57,034 - Velocimacro :  VM library template macro registration complete.
2011-08-21 19:21:57,034 - Velocimacro : allowInline = true : VMs can be defined inline in templates
2011-08-21 19:21:57,034 - Velocimacro : allowInlineToOverride = false : VMs defined inline may NOT replace previous VM definitions
2011-08-21 19:21:57,034 - Velocimacro : allowInlineLocal = false : VMs defined inline will be  global in scope if allowed.
2011-08-21 19:21:57,034 - Velocimacro : messages on  : VM system will output logging messages
2011-08-21 19:21:57,034 - Velocimacro : autoload off  : VM system will not automatically reload global library macros
2011-08-21 19:21:57,034 - Velocimacro : initialization complete.
2011-08-21 19:21:57,034 - Velocity successfully started.
2011-08-21 20:14:19,155 - SimpleLog4JLogSystem initialized using logfile 'velocity.log'
2011-08-21 20:14:19,156 - ************************************************************** 
2011-08-21 20:14:19,156 - Starting Jakarta Velocity v1.4
2011-08-21 20:14:19,156 - RuntimeInstance initializing.
2011-08-21 20:14:19,156 - Default Properties File: org\apache\velocity\runtime\defaults\velocity.properties
2011-08-21 20:14:19,156 - Trying to use logger class org.apache.velocity.runtime.log.SimpleLog4JLogSystem
2011-08-21 20:14:19,156 - Using logger class org.apache.velocity.runtime.log.SimpleLog4JLogSystem
2011-08-21 20:14:19,170 - Default ResourceManager initializing. (class org.apache.velocity.runtime.resource.ResourceManagerImpl)
2011-08-21 20:14:19,185 - Resource Loader Instantiated: org.apache.velocity.runtime.resource.loader.ClasspathResourceLoader
2011-08-21 20:14:19,185 - ClasspathResourceLoader : initialization starting.
2011-08-21 20:14:19,185 - ClasspathResourceLoader : initialization complete.
2011-08-21 20:14:19,193 - ResourceCache : initialized. (class org.apache.velocity.runtime.resource.ResourceCacheImpl)
2011-08-21 20:14:19,193 - Default ResourceManager initialization complete.
2011-08-21 20:14:19,205 - Loaded System Directive: org.apache.velocity.runtime.directive.Literal
2011-08-21 20:14:19,212 - Loaded System Directive: org.apache.velocity.runtime.directive.Macro
2011-08-21 20:14:19,226 - Loaded System Directive: org.apache.velocity.runtime.directive.Parse
2011-08-21 20:14:19,233 - Loaded System Directive: org.apache.velocity.runtime.directive.Include
2011-08-21 20:14:19,238 - Loaded System Directive: org.apache.velocity.runtime.directive.Foreach
2011-08-21 20:14:19,333 - Created: 20 parsers.
2011-08-21 20:14:19,370 - Velocimacro : initialization starting.
2011-08-21 20:14:19,370 - Velocimacro : adding VMs from VM library template : VM_global_library.vm
2011-08-21 20:14:19,386 - ResourceManager : unable to find resource 'VM_global_library.vm' in any resource loader.
2011-08-21 20:14:19,387 - Velocimacro : error using  VM library template VM_global_library.vm : org.apache.velocity.exception.ResourceNotFoundException: Unable to find resource 'VM_global_library.vm'
2011-08-21 20:14:19,387 - Velocimacro :  VM library template macro registration complete.
2011-08-21 20:14:19,387 - Velocimacro : allowInline = true : VMs can be defined inline in templates
2011-08-21 20:14:19,387 - Velocimacro : allowInlineToOverride = false : VMs defined inline may NOT replace previous VM definitions
2011-08-21 20:14:19,387 - Velocimacro : allowInlineLocal = false : VMs defined inline will be  global in scope if allowed.
2011-08-21 20:14:19,387 - Velocimacro : messages on  : VM system will output logging messages
2011-08-21 20:14:19,387 - Velocimacro : autoload off  : VM system will not automatically reload global library macros
2011-08-21 20:14:19,387 - Velocimacro : initialization complete.
2011-08-21 20:14:19,387 - Velocity successfully started.
2011-10-14 16:20:36,456 - SimpleLog4JLogSystem initialized using logfile 'velocity.log'
2011-10-14 16:20:36,457 - ************************************************************** 
2011-10-14 16:20:36,457 - Starting Jakarta Velocity v1.4
2011-10-14 16:20:36,457 - RuntimeInstance initializing.
2011-10-14 16:20:36,457 - Default Properties File: org/apache/velocity/runtime/defaults/velocity.properties
2011-10-14 16:20:36,457 - Trying to use logger class org.apache.velocity.runtime.log.SimpleLog4JLogSystem
2011-10-14 16:20:36,457 - Using logger class org.apache.velocity.runtime.log.SimpleLog4JLogSystem
2011-10-14 16:20:36,460 - Default ResourceManager initializing. (class org.apache.velocity.runtime.resource.ResourceManagerImpl)
2011-10-14 16:20:36,463 - Resource Loader Instantiated: org.apache.velocity.runtime.resource.loader.ClasspathResourceLoader
2011-10-14 16:20:36,463 - ClasspathResourceLoader : initialization starting.
2011-10-14 16:20:36,463 - ClasspathResourceLoader : initialization complete.
2011-10-14 16:20:36,464 - ResourceCache : initialized. (class org.apache.velocity.runtime.resource.ResourceCacheImpl)
2011-10-14 16:20:36,464 - Default ResourceManager initialization complete.
2011-10-14 16:20:36,469 - Loaded System Directive: org.apache.velocity.runtime.directive.Literal
2011-10-14 16:20:36,470 - Loaded System Directive: org.apache.velocity.runtime.directive.Macro
2011-10-14 16:20:36,473 - Loaded System Directive: org.apache.velocity.runtime.directive.Parse
2011-10-14 16:20:36,474 - Loaded System Directive: org.apache.velocity.runtime.directive.Include
2011-10-14 16:20:36,475 - Loaded System Directive: org.apache.velocity.runtime.directive.Foreach
2011-10-14 16:20:36,503 - Created: 20 parsers.
2011-10-14 16:20:36,510 - Velocimacro : initialization starting.
2011-10-14 16:20:36,510 - Velocimacro : adding VMs from VM library template : VM_global_library.vm
2011-10-14 16:20:36,515 - ResourceManager : unable to find resource 'VM_global_library.vm' in any resource loader.
2011-10-14 16:20:36,515 - Velocimacro : error using  VM library template VM_global_library.vm : org.apache.velocity.exception.ResourceNotFoundException: Unable to find resource 'VM_global_library.vm'
2011-10-14 16:20:36,515 - Velocimacro :  VM library template macro registration complete.
2011-10-14 16:20:36,515 - Velocimacro : allowInline = true : VMs can be defined inline in templates
2011-10-14 16:20:36,515 - Velocimacro : allowInlineToOverride = false : VMs defined inline may NOT replace previous VM definitions
2011-10-14 16:20:36,515 - Velocimacro : allowInlineLocal = false : VMs defined inline will be  global in scope if allowed.
2011-10-14 16:20:36,515 - Velocimacro : messages on  : VM system will output logging messages
2011-10-14 16:20:36,515 - Velocimacro : autoload off  : VM system will not automatically reload global library macros
2011-10-14 16:20:36,515 - Velocimacro : initialization complete.
2011-10-14 16:20:36,515 - Velocity successfully started.
2011-11-22 14:21:04,147 - SimpleLog4JLogSystem initialized using logfile 'velocity.log'
2011-11-22 14:21:04,159 - ************************************************************** 
2011-11-22 14:21:04,159 - Starting Jakarta Velocity v1.4
2011-11-22 14:21:04,159 - RuntimeInstance initializing.
2011-11-22 14:21:04,159 - Default Properties File: org/apache/velocity/runtime/defaults/velocity.properties
2011-11-22 14:21:04,170 - Trying to use logger class org.apache.velocity.runtime.log.SimpleLog4JLogSystem
2011-11-22 14:21:04,170 - Using logger class org.apache.velocity.runtime.log.SimpleLog4JLogSystem
2011-11-22 14:21:04,176 - Default ResourceManager initializing. (class org.apache.velocity.runtime.resource.ResourceManagerImpl)
2011-11-22 14:21:04,181 - Resource Loader Instantiated: org.apache.velocity.runtime.resource.loader.ClasspathResourceLoader
2011-11-22 14:21:04,181 - ClasspathResourceLoader : initialization starting.
2011-11-22 14:21:04,181 - ClasspathResourceLoader : initialization complete.
2011-11-22 14:21:04,185 - ResourceCache : initialized. (class org.apache.velocity.runtime.resource.ResourceCacheImpl)
2011-11-22 14:21:04,185 - Default ResourceManager initialization complete.
2011-11-22 14:21:04,188 - Loaded System Directive: org.apache.velocity.runtime.directive.Literal
2011-11-22 14:21:04,191 - Loaded System Directive: org.apache.velocity.runtime.directive.Macro
2011-11-22 14:21:04,197 - Loaded System Directive: org.apache.velocity.runtime.directive.Parse
2011-11-22 14:21:04,200 - Loaded System Directive: org.apache.velocity.runtime.directive.Include
2011-11-22 14:21:04,201 - Loaded System Directive: org.apache.velocity.runtime.directive.Foreach
2011-11-22 14:21:04,255 - Created: 20 parsers.
2011-11-22 14:21:04,270 - Velocimacro : initialization starting.
2011-11-22 14:21:04,270 - Velocimacro : adding VMs from VM library template : VM_global_library.vm
2011-11-22 14:21:04,276 - ResourceManager : unable to find resource 'VM_global_library.vm' in any resource loader.
2011-11-22 14:21:04,276 - Velocimacro : error using  VM library template VM_global_library.vm : org.apache.velocity.exception.ResourceNotFoundException: Unable to find resource 'VM_global_library.vm'
2011-11-22 14:21:04,276 - Velocimacro :  VM library template macro registration complete.
2011-11-22 14:21:04,276 - Velocimacro : allowInline = true : VMs can be defined inline in templates
2011-11-22 14:21:04,276 - Velocimacro : allowInlineToOverride = false : VMs defined inline may NOT replace previous VM definitions
2011-11-22 14:21:04,276 - Velocimacro : allowInlineLocal = false : VMs defined inline will be  global in scope if allowed.
2011-11-22 14:21:04,276 - Velocimacro : messages on  : VM system will output logging messages
2011-11-22 14:21:04,276 - Velocimacro : autoload off  : VM system will not automatically reload global library macros
2011-11-22 14:21:04,276 - Velocimacro : initialization complete.
2011-11-22 14:21:04,276 - Velocity successfully started.
2011-11-22 14:24:33,667 - ResourceManager : found repast/simphony/scenario/Scenario.vt with loader org.apache.velocity.runtime.resource.loader.ClasspathResourceLoader
2011-11-22 14:24:33,770 - ResourceManager : found repast/simphony/parameter/parameters.vt with loader org.apache.velocity.runtime.resource.loader.ClasspathResourceLoader
2015-02-12 11:39:40,936 - SimpleLog4JLogSystem initialized using logfile 'velocity.log'
2015-02-12 11:39:40,936 - ************************************************************** 
2015-02-12 11:39:40,936 - Starting Jakarta Velocity v1.4
2015-02-12 11:39:40,936 - RuntimeInstance initializing.
2015-02-12 11:39:40,936 - Default Properties File: org/apache/velocity/runtime/defaults/velocity.properties
2015-02-12 11:39:40,936 - Trying to use logger class org.apache.velocity.runtime.log.SimpleLog4JLogSystem
2015-02-12 11:39:40,936 - Using logger class org.apache.velocity.runtime.log.SimpleLog4JLogSystem
2015-02-12 11:39:40,940 - Default ResourceManager initializing. (class org.apache.velocity.runtime.resource.ResourceManagerImpl)
2015-02-12 11:39:40,943 - Resource Loader Instantiated: org.apache.velocity.runtime.resource.loader.ClasspathResourceLoader
2015-02-12 11:39:40,943 - ClasspathResourceLoader : initialization starting.
2015-02-12 11:39:40,943 - ClasspathResourceLoader : initialization complete.
2015-02-12 11:39:40,945 - ResourceCache : initialized. (class org.apache.velocity.runtime.resource.ResourceCacheImpl)
2015-02-12 11:39:40,945 - Default ResourceManager initialization complete.
2015-02-12 11:39:40,947 - Loaded System Directive: org.apache.velocity.runtime.directive.Literal
2015-02-12 11:39:40,949 - Loaded System Directive: org.apache.velocity.runtime.directive.Macro
2015-02-12 11:39:40,952 - Loaded System Directive: org.apache.velocity.runtime.directive.Parse
2015-02-12 11:39:40,954 - Loaded System Directive: org.apache.velocity.runtime.directive.Include
2015-02-12 11:39:40,955 - Loaded System Directive: org.apache.velocity.runtime.directive.Foreach
2015-02-12 11:39:40,979 - Created: 20 parsers.
2015-02-12 11:39:40,987 - Velocimacro : initialization starting.
2015-02-12 11:39:40,987 - Velocimacro : adding VMs from VM library template : VM_global_library.vm
2015-02-12 11:39:40,998 - ResourceManager : unable to find resource 'VM_global_library.vm' in any resource loader.
2015-02-12 11:39:40,998 - Velocimacro : error using  VM library template VM_global_library.vm : org.apache.velocity.exception.ResourceNotFoundException: Unable to find resource 'VM_global_library.vm'
2015-02-12 11:39:40,998 - Velocimacro :  VM library template macro registration complete.
2015-02-12 11:39:40,998 - Velocimacro : allowInline = true : VMs can be defined inline in templates
2015-02-12 11:39:40,998 - Velocimacro : allowInlineToOverride = false : VMs defined inline may NOT replace previous VM definitions
2015-02-12 11:39:40,998 - Velocimacro : allowInlineLocal = false : VMs defined inline will be  global in scope if allowed.
2015-02-12 11:39:40,998 - Velocimacro : messages on  : VM system will output logging messages
2015-02-12 11:39:40,998 - Velocimacro : autoload off  : VM system will not automatically reload global library macros
2015-02-12 11:39:40,998 - Velocimacro : initialization complete.
2015-02-12 11:39:40,998 - Velocity successfully started.
2015-02-16 14:17:33,830 - SimpleLog4JLogSystem initialized using logfile 'velocity.log'
2015-02-16 14:17:33,830 - ************************************************************** 
2015-02-16 14:17:33,830 - Starting Jakarta Velocity v1.4
2015-02-16 14:17:33,830 - RuntimeInstance initializing.
2015-02-16 14:17:33,830 - Default Properties File: org/apache/velocity/runtime/defaults/velocity.properties
2015-02-16 14:17:33,830 - Trying to use logger class org.apache.velocity.runtime.log.SimpleLog4JLogSystem
2015-02-16 14:17:33,830 - Using logger class org.apache.velocity.runtime.log.SimpleLog4JLogSystem
2015-02-16 14:17:33,832 - Default ResourceManager initializing. (class org.apache.velocity.runtime.resource.ResourceManagerImpl)
2015-02-16 14:17:33,834 - Resource Loader Instantiated: org.apache.velocity.runtime.resource.loader.ClasspathResourceLoader
2015-02-16 14:17:33,834 - ClasspathResourceLoader : initialization starting.
2015-02-16 14:17:33,834 - ClasspathResourceLoader : initialization complete.
2015-02-16 14:17:33,835 - ResourceCache : initialized. (class org.apache.velocity.runtime.resource.ResourceCacheImpl)
2015-02-16 14:17:33,835 - Default ResourceManager initialization complete.
2015-02-16 14:17:33,837 - Loaded System Directive: org.apache.velocity.runtime.directive.Literal
2015-02-16 14:17:33,838 - Loaded System Directive: org.apache.velocity.runtime.directive.Macro
2015-02-16 14:17:33,840 - Loaded System Directive: org.apache.velocity.runtime.directive.Parse
2015-02-16 14:17:33,841 - Loaded System Directive: org.apache.velocity.runtime.directive.Include
2015-02-16 14:17:33,842 - Loaded System Directive: org.apache.velocity.runtime.directive.Foreach
2015-02-16 14:17:33,859 - Created: 20 parsers.
2015-02-16 14:17:33,865 - Velocimacro : initialization starting.
2015-02-16 14:17:33,865 - Velocimacro : adding VMs from VM library template : VM_global_library.vm
2015-02-16 14:17:33,872 - ResourceManager : unable to find resource 'VM_global_library.vm' in any resource loader.
2015-02-16 14:17:33,872 - Velocimacro : error using  VM library template VM_global_library.vm : org.apache.velocity.exception.ResourceNotFoundException: Unable to find resource 'VM_global_library.vm'
2015-02-16 14:17:33,872 - Velocimacro :  VM library template macro registration complete.
2015-02-16 14:17:33,872 - Velocimacro : allowInline = true : VMs can be defined inline in templates
2015-02-16 14:17:33,872 - Velocimacro : allowInlineToOverride = false : VMs defined inline may NOT replace previous VM definitions
2015-02-16 14:17:33,872 - Velocimacro : allowInlineLocal = false : VMs defined inline will be  global in scope if allowed.
2015-02-16 14:17:33,872 - Velocimacro : messages on  : VM system will output logging messages
2015-02-16 14:17:33,872 - Velocimacro : autoload off  : VM system will not automatically reload global library macros
2015-02-16 14:17:33,872 - Velocimacro : initialization complete.
2015-02-16 14:17:33,872 - Velocity successfully started.
2015-02-17 16:43:52,413 - SimpleLog4JLogSystem initialized using logfile 'velocity.log'
2015-02-17 16:43:52,414 - ************************************************************** 
2015-02-17 16:43:52,414 - Starting Jakarta Velocity v1.4
2015-02-17 16:43:52,414 - RuntimeInstance initializing.
2015-02-17 16:43:52,414 - Default Properties File: org/apache/velocity/runtime/defaults/velocity.properties
2015-02-17 16:43:52,414 - Trying to use logger class org.apache.velocity.runtime.log.SimpleLog4JLogSystem
2015-02-17 16:43:52,414 - Using logger class org.apache.velocity.runtime.log.SimpleLog4JLogSystem
2015-02-17 16:43:52,417 - Default ResourceManager initializing. (class org.apache.velocity.runtime.resource.ResourceManagerImpl)
2015-02-17 16:43:52,420 - Resource Loader Instantiated: org.apache.velocity.runtime.resource.loader.ClasspathResourceLoader
2015-02-17 16:43:52,420 - ClasspathResourceLoader : initialization starting.
2015-02-17 16:43:52,420 - ClasspathResourceLoader : initialization complete.
2015-02-17 16:43:52,422 - ResourceCache : initialized. (class org.apache.velocity.runtime.resource.ResourceCacheImpl)
2015-02-17 16:43:52,422 - Default ResourceManager initialization complete.
2015-02-17 16:43:52,424 - Loaded System Directive: org.apache.velocity.runtime.directive.Literal
2015-02-17 16:43:52,426 - Loaded System Directive: org.apache.velocity.runtime.directive.Macro
2015-02-17 16:43:52,429 - Loaded System Directive: org.apache.velocity.runtime.directive.Parse
2015-02-17 16:43:52,431 - Loaded System Directive: org.apache.velocity.runtime.directive.Include
2015-02-17 16:43:52,432 - Loaded System Directive: org.apache.velocity.runtime.directive.Foreach
2015-02-17 16:43:52,459 - Created: 20 parsers.
2015-02-17 16:43:52,469 - Velocimacro : initialization starting.
2015-02-17 16:43:52,469 - Velocimacro : adding VMs from VM library template : VM_global_library.vm
2015-02-17 16:43:52,473 - ResourceManager : unable to find resource 'VM_global_library.vm' in any resource loader.
2015-02-17 16:43:52,473 - Velocimacro : error using  VM library template VM_global_library.vm : org.apache.velocity.exception.ResourceNotFoundException: Unable to find resource 'VM_global_library.vm'
2015-02-17 16:43:52,473 - Velocimacro :  VM library template macro registration complete.
2015-02-17 16:43:52,473 - Velocimacro : allowInline = true : VMs can be defined inline in templates
2015-02-17 16:43:52,473 - Velocimacro : allowInlineToOverride = false : VMs defined inline may NOT replace previous VM definitions
2015-02-17 16:43:52,473 - Velocimacro : allowInlineLocal = false : VMs defined inline will be  global in scope if allowed.
2015-02-17 16:43:52,473 - Velocimacro : messages on  : VM system will output logging messages
2015-02-17 16:43:52,473 - Velocimacro : autoload off  : VM system will not automatically reload global library macros
2015-02-17 16:43:52,473 - Velocimacro : initialization complete.
2015-02-17 16:43:52,473 - Velocity successfully started.
2015-02-24 12:36:30,417 - SimpleLog4JLogSystem initialized using logfile 'velocity.log'
2015-02-24 12:36:30,418 - ************************************************************** 
2015-02-24 12:36:30,418 - Starting Jakarta Velocity v1.4
2015-02-24 12:36:30,418 - RuntimeInstance initializing.
2015-02-24 12:36:30,418 - Default Properties File: org/apache/velocity/runtime/defaults/velocity.properties
2015-02-24 12:36:30,418 - Trying to use logger class org.apache.velocity.runtime.log.SimpleLog4JLogSystem
2015-02-24 12:36:30,418 - Using logger class org.apache.velocity.runtime.log.SimpleLog4JLogSystem
2015-02-24 12:36:30,424 - Default ResourceManager initializing. (class org.apache.velocity.runtime.resource.ResourceManagerImpl)
2015-02-24 12:36:30,428 - Resource Loader Instantiated: org.apache.velocity.runtime.resource.loader.ClasspathResourceLoader
2015-02-24 12:36:30,429 - ClasspathResourceLoader : initialization starting.
2015-02-24 12:36:30,429 - ClasspathResourceLoader : initialization complete.
2015-02-24 12:36:30,431 - ResourceCache : initialized. (class org.apache.velocity.runtime.resource.ResourceCacheImpl)
2015-02-24 12:36:30,431 - Default ResourceManager initialization complete.
2015-02-24 12:36:30,434 - Loaded System Directive: org.apache.velocity.runtime.directive.Literal
2015-02-24 12:36:30,436 - Loaded System Directive: org.apache.velocity.runtime.directive.Macro
2015-02-24 12:36:30,438 - Loaded System Directive: org.apache.velocity.runtime.directive.Parse
2015-02-24 12:36:30,441 - Loaded System Directive: org.apache.velocity.runtime.directive.Include
2015-02-24 12:36:30,443 - Loaded System Directive: org.apache.velocity.runtime.directive.Foreach
2015-02-24 12:36:30,485 - Created: 20 parsers.
2015-02-24 12:36:30,512 - Velocimacro : initialization starting.
2015-02-24 12:36:30,512 - Velocimacro : adding VMs from VM library template : VM_global_library.vm
2015-02-24 12:36:30,518 - ResourceManager : unable to find resource 'VM_global_library.vm' in any resource loader.
2015-02-24 12:36:30,518 - Velocimacro : error using  VM library template VM_global_library.vm : org.apache.velocity.exception.ResourceNotFoundException: Unable to find resource 'VM_global_library.vm'
2015-02-24 12:36:30,518 - Velocimacro :  VM library template macro registration complete.
2015-02-24 12:36:30,518 - Velocimacro : allowInline = true : VMs can be defined inline in templates
2015-02-24 12:36:30,518 - Velocimacro : allowInlineToOverride = false : VMs defined inline may NOT replace previous VM definitions
2015-02-24 12:36:30,518 - Velocimacro : allowInlineLocal = false : VMs defined inline will be  global in scope if allowed.
2015-02-24 12:36:30,518 - Velocimacro : messages on  : VM system will output logging messages
2015-02-24 12:36:30,518 - Velocimacro : autoload off  : VM system will not automatically reload global library macros
2015-02-24 12:36:30,518 - Velocimacro : initialization complete.
2015-02-24 12:36:30,518 - Velocity successfully started.
2015-02-24 13:04:13,855 - SimpleLog4JLogSystem initialized using logfile 'velocity.log'
2015-02-24 13:04:13,855 - ************************************************************** 
2015-02-24 13:04:13,855 - Starting Jakarta Velocity v1.4
2015-02-24 13:04:13,855 - RuntimeInstance initializing.
2015-02-24 13:04:13,855 - Default Properties File: org/apache/velocity/runtime/defaults/velocity.properties
2015-02-24 13:04:13,855 - Trying to use logger class org.apache.velocity.runtime.log.SimpleLog4JLogSystem
2015-02-24 13:04:13,856 - Using logger class org.apache.velocity.runtime.log.SimpleLog4JLogSystem
2015-02-24 13:04:13,861 - Default ResourceManager initializing. (class org.apache.velocity.runtime.resource.ResourceManagerImpl)
2015-02-24 13:04:13,865 - Resource Loader Instantiated: org.apache.velocity.runtime.resource.loader.ClasspathResourceLoader
2015-02-24 13:04:13,865 - ClasspathResourceLoader : initialization starting.
2015-02-24 13:04:13,865 - ClasspathResourceLoader : initialization complete.
2015-02-24 13:04:13,868 - ResourceCache : initialized. (class org.apache.velocity.runtime.resource.ResourceCacheImpl)
2015-02-24 13:04:13,868 - Default ResourceManager initialization complete.
2015-02-24 13:04:13,871 - Loaded System Directive: org.apache.velocity.runtime.directive.Literal
2015-02-24 13:04:13,875 - Loaded System Directive: org.apache.velocity.runtime.directive.Macro
2015-02-24 13:04:13,880 - Loaded System Directive: org.apache.velocity.runtime.directive.Parse
2015-02-24 13:04:13,883 - Loaded System Directive: org.apache.velocity.runtime.directive.Include
2015-02-24 13:04:13,885 - Loaded System Directive: org.apache.velocity.runtime.directive.Foreach
2015-02-24 13:04:13,924 - Created: 20 parsers.
2015-02-24 13:04:13,937 - Velocimacro : initialization starting.
2015-02-24 13:04:13,938 - Velocimacro : adding VMs from VM library template : VM_global_library.vm
2015-02-24 13:04:13,943 - ResourceManager : unable to find resource 'VM_global_library.vm' in any resource loader.
2015-02-24 13:04:13,943 - Velocimacro : error using  VM library template VM_global_library.vm : org.apache.velocity.exception.ResourceNotFoundException: Unable to find resource 'VM_global_library.vm'
2015-02-24 13:04:13,943 - Velocimacro :  VM library template macro registration complete.
2015-02-24 13:04:13,943 - Velocimacro : allowInline = true : VMs can be defined inline in templates
2015-02-24 13:04:13,943 - Velocimacro : allowInlineToOverride = false : VMs defined inline may NOT replace previous VM definitions
2015-02-24 13:04:13,943 - Velocimacro : allowInlineLocal = false : VMs defined inline will be  global in scope if allowed.
2015-02-24 13:04:13,943 - Velocimacro : messages on  : VM system will output logging messages
2015-02-24 13:04:13,944 - Velocimacro : autoload off  : VM system will not automatically reload global library macros
2015-02-24 13:04:13,944 - Velocimacro : initialization complete.
2015-02-24 13:04:13,944 - Velocity successfully started.
2015-02-24 13:14:37,552 - SimpleLog4JLogSystem initialized using logfile 'velocity.log'
2015-02-24 13:14:37,553 - ************************************************************** 
2015-02-24 13:14:37,553 - Starting Jakarta Velocity v1.4
2015-02-24 13:14:37,553 - RuntimeInstance initializing.
2015-02-24 13:14:37,554 - Default Properties File: org/apache/velocity/runtime/defaults/velocity.properties
2015-02-24 13:14:37,554 - Trying to use logger class org.apache.velocity.runtime.log.SimpleLog4JLogSystem
2015-02-24 13:14:37,554 - Using logger class org.apache.velocity.runtime.log.SimpleLog4JLogSystem
2015-02-24 13:14:37,559 - Default ResourceManager initializing. (class org.apache.velocity.runtime.resource.ResourceManagerImpl)
2015-02-24 13:14:37,565 - Resource Loader Instantiated: org.apache.velocity.runtime.resource.loader.ClasspathResourceLoader
2015-02-24 13:14:37,565 - ClasspathResourceLoader : initialization starting.
2015-02-24 13:14:37,565 - ClasspathResourceLoader : initialization complete.
2015-02-24 13:14:37,569 - ResourceCache : initialized. (class org.apache.velocity.runtime.resource.ResourceCacheImpl)
2015-02-24 13:14:37,569 - Default ResourceManager initialization complete.
2015-02-24 13:14:37,573 - Loaded System Directive: org.apache.velocity.runtime.directive.Literal
2015-02-24 13:14:37,576 - Loaded System Directive: org.apache.velocity.runtime.directive.Macro
2015-02-24 13:14:37,581 - Loaded System Directive: org.apache.velocity.runtime.directive.Parse
2015-02-24 13:14:37,585 - Loaded System Directive: org.apache.velocity.runtime.directive.Include
2015-02-24 13:14:37,587 - Loaded System Directive: org.apache.velocity.runtime.directive.Foreach
2015-02-24 13:14:37,631 - Created: 20 parsers.
2015-02-24 13:14:37,646 - Velocimacro : initialization starting.
2015-02-24 13:14:37,647 - Velocimacro : adding VMs from VM library template : VM_global_library.vm
2015-02-24 13:14:37,652 - ResourceManager : unable to find resource 'VM_global_library.vm' in any resource loader.
2015-02-24 13:14:37,653 - Velocimacro : error using  VM library template VM_global_library.vm : org.apache.velocity.exception.ResourceNotFoundException: Unable to find resource 'VM_global_library.vm'
2015-02-24 13:14:37,653 - Velocimacro :  VM library template macro registration complete.
2015-02-24 13:14:37,653 - Velocimacro : allowInline = true : VMs can be defined inline in templates
2015-02-24 13:14:37,653 - Velocimacro : allowInlineToOverride = false : VMs defined inline may NOT replace previous VM definitions
2015-02-24 13:14:37,653 - Velocimacro : allowInlineLocal = false : VMs defined inline will be  global in scope if allowed.
2015-02-24 13:14:37,653 - Velocimacro : messages on  : VM system will output logging messages
2015-02-24 13:14:37,653 - Velocimacro : autoload off  : VM system will not automatically reload global library macros
2015-02-24 13:14:37,653 - Velocimacro : initialization complete.
2015-02-24 13:14:37,653 - Velocity successfully started.
